<?xml version="1.0" encoding="UTF-8"?><testsuite errors="1" failures="0" name="Validar el funcionamiento de la creacion de una cuenta en la pagina demoblaze" skipped="0" tests="1" time="0.0" timestamp="2022-05-24 01:31:03"><testcase name=": Validar el funcionamiento de la creacion de una cuenta"><error message="no such alert&#10;  (Session info: chrome=101.0.4951.67)&#10;Build info: version: '3.141.59', revision: 'e82be7d358', time: '2018-11-14T08:17:03'&#10;System info: host: 'DESKTOP-V4A4AEF', ip: '15.15.15.107', os.name: 'Windows 10', os.arch: 'amd64', os.version: '10.0', java.version: '1.8.0_332'&#10;Driver info: org.openqa.selenium.chrome.ChromeDriver&#10;Capabilities {acceptInsecureCerts: false, browserName: chrome, browserVersion: 101.0.4951.67, chrome: {chromedriverVersion: 101.0.4951.41 (93c720db8323..., userDataDir: C:\Users\ZALLY\AppData\Loca...}, goog:chromeOptions: {debuggerAddress: localhost:61360}, javascriptEnabled: true, networkConnectionEnabled: false, pageLoadStrategy: normal, platform: WINDOWS, platformName: WINDOWS, proxy: Proxy(), setWindowRect: true, strictFileInteractability: false, timeouts: {implicit: 0, pageLoad: 300000, script: 30000}, unhandledPromptBehavior: dismiss and notify, webauthn:extension:credBlob: true, webauthn:extension:largeBlob: true, webauthn:virtualAuthenticators: true}&#10;Session ID: 4ee664c52763d322dda30a0c340dfde5" type="org.openqa.selenium.NoAlertPresentException">no such alert
  (Session info: chrome=101.0.4951.67)
Build info: version: '3.141.59', revision: 'e82be7d358', time: '2018-11-14T08:17:03'
System info: host: 'DESKTOP-V4A4AEF', ip: '15.15.15.107', os.name: 'Windows 10', os.arch: 'amd64', os.version: '10.0', java.version: '1.8.0_332'
Driver info: org.openqa.selenium.chrome.ChromeDriver
Capabilities {acceptInsecureCerts: false, browserName: chrome, browserVersion: 101.0.4951.67, chrome: {chromedriverVersion: 101.0.4951.41 (93c720db8323..., userDataDir: C:\Users\ZALLY\AppData\Loca...}, goog:chromeOptions: {debuggerAddress: localhost:61360}, javascriptEnabled: true, networkConnectionEnabled: false, pageLoadStrategy: normal, platform: WINDOWS, platformName: WINDOWS, proxy: Proxy(), setWindowRect: true, strictFileInteractability: false, timeouts: {implicit: 0, pageLoad: 300000, script: 30000}, unhandledPromptBehavior: dismiss and notify, webauthn:extension:credBlob: true, webauthn:extension:largeBlob: true, webauthn:virtualAuthenticators: true}
Session ID: 4ee664c52763d322dda30a0c340dfde5</error><system-err>no such alert
  (Session info: chrome=101.0.4951.67)
Build info: version: '3.141.59', revision: 'e82be7d358', time: '2018-11-14T08:17:03'
System info: host: 'DESKTOP-V4A4AEF', ip: '15.15.15.107', os.name: 'Windows 10', os.arch: 'amd64', os.version: '10.0', java.version: '1.8.0_332'
Driver info: org.openqa.selenium.chrome.ChromeDriver
Capabilities {acceptInsecureCerts: false, browserName: chrome, browserVersion: 101.0.4951.67, chrome: {chromedriverVersion: 101.0.4951.41 (93c720db8323..., userDataDir: C:\Users\ZALLY\AppData\Loca...}, goog:chromeOptions: {debuggerAddress: localhost:61360}, javascriptEnabled: true, networkConnectionEnabled: false, pageLoadStrategy: normal, platform: WINDOWS, platformName: WINDOWS, proxy: Proxy(), setWindowRect: true, strictFileInteractability: false, timeouts: {implicit: 0, pageLoad: 300000, script: 30000}, unhandledPromptBehavior: dismiss and notify, webauthn:extension:credBlob: true, webauthn:extension:largeBlob: true, webauthn:virtualAuthenticators: true}
Session ID: 4ee664c52763d322dda30a0c340dfde5&#13;
com.bdd.page.DemoBlazePage.validaLaCreacionDeLaCuentaYHacerClickEnEnElBotonAcepta(DemoBlazePage.java:43)&#13;
com.bdd.step.DemoBlazeStep.validaLaCreacionDeLaCuentaYHacerClickEnEnElBotonAcepta(DemoBlazeStep.java:26)&#13;
com.bdd.stepdefinition.DemoBlazeStepDefinition.validaLaCreacionDeLaCuentaYHacerClickEnEnElBotonAcepta(DemoBlazeStepDefinition.java:36)&#13;
cucumber.runner.Runner.runPickle(Runner.java:80)&#13;
</system-err></testcase></testsuite>